[2022-11-10 19:29:34,535] INFO [Controller id=0 epoch=2] Sending UpdateMetadata request to brokers Set() for 0 partitions (state.change.logger)
[2022-11-10 19:29:34,777] INFO [Controller id=0 epoch=2] Sending UpdateMetadata request to brokers Set() for 0 partitions (state.change.logger)
[2022-11-10 19:29:34,801] ERROR [Controller id=0 epoch=2] Controller 0 epoch 2 failed to change state for partition __consumer_offsets-22 from OfflinePartition to OnlinePartition (state.change.logger)
kafka.common.StateChangeFailedException: Failed to elect leader for partition __consumer_offsets-22 under strategy OfflinePartitionLeaderElectionStrategy(false)
	at kafka.controller.ZkPartitionStateMachine.$anonfun$doElectLeaderForPartitions$7(PartitionStateMachine.scala:433)
	at scala.collection.mutable.ResizableArray.foreach(ResizableArray.scala:62)
	at scala.collection.mutable.ResizableArray.foreach$(ResizableArray.scala:55)
	at scala.collection.mutable.ArrayBuffer.foreach(ArrayBuffer.scala:49)
	at kafka.controller.ZkPartitionStateMachine.doElectLeaderForPartitions(PartitionStateMachine.scala:430)
	at kafka.controller.ZkPartitionStateMachine.electLeaderForPartitions(PartitionStateMachine.scala:336)
	at kafka.controller.ZkPartitionStateMachine.doHandleStateChanges(PartitionStateMachine.scala:242)
	at kafka.controller.ZkPartitionStateMachine.handleStateChanges(PartitionStateMachine.scala:162)
	at kafka.controller.PartitionStateMachine.triggerOnlineStateChangeForPartitions(PartitionStateMachine.scala:76)
	at kafka.controller.PartitionStateMachine.triggerOnlinePartitionStateChange(PartitionStateMachine.scala:61)
	at kafka.controller.KafkaController.onReplicasBecomeOffline(KafkaController.scala:622)
	at kafka.controller.KafkaController.onBrokerFailure(KafkaController.scala:592)
	at kafka.controller.KafkaController.processBrokerChange(KafkaController.scala:1610)
	at kafka.controller.KafkaController.process(KafkaController.scala:2565)
	at kafka.controller.QueuedEvent.process(ControllerEventManager.scala:52)
	at kafka.controller.ControllerEventManager$ControllerEventThread.process$1(ControllerEventManager.scala:130)
	at kafka.controller.ControllerEventManager$ControllerEventThread.$anonfun$doWork$1(ControllerEventManager.scala:133)
	at scala.runtime.java8.JFunction0$mcV$sp.apply(JFunction0$mcV$sp.java:23)
	at kafka.metrics.KafkaTimer.time(KafkaTimer.scala:31)
	at kafka.controller.ControllerEventManager$ControllerEventThread.doWork(ControllerEventManager.scala:133)
	at kafka.utils.ShutdownableThread.run(ShutdownableThread.scala:96)
[2022-11-10 19:29:34,802] ERROR [Controller id=0 epoch=2] Controller 0 epoch 2 failed to change state for partition __consumer_offsets-30 from OfflinePartition to OnlinePartition (state.change.logger)
kafka.common.StateChangeFailedException: Failed to elect leader for partition __consumer_offsets-30 under strategy OfflinePartitionLeaderElectionStrategy(false)
	at kafka.controller.ZkPartitionStateMachine.$anonfun$doElectLeaderForPartitions$7(PartitionStateMachine.scala:433)
	at scala.collection.mutable.ResizableArray.foreach(ResizableArray.scala:62)
	at scala.collection.mutable.ResizableArray.foreach$(ResizableArray.scala:55)
	at scala.collection.mutable.ArrayBuffer.foreach(ArrayBuffer.scala:49)
	at kafka.controller.ZkPartitionStateMachine.doElectLeaderForPartitions(PartitionStateMachine.scala:430)
	at kafka.controller.ZkPartitionStateMachine.electLeaderForPartitions(PartitionStateMachine.scala:336)
	at kafka.controller.ZkPartitionStateMachine.doHandleStateChanges(PartitionStateMachine.scala:242)
	at kafka.controller.ZkPartitionStateMachine.handleStateChanges(PartitionStateMachine.scala:162)
	at kafka.controller.PartitionStateMachine.triggerOnlineStateChangeForPartitions(PartitionStateMachine.scala:76)
	at kafka.controller.PartitionStateMachine.triggerOnlinePartitionStateChange(PartitionStateMachine.scala:61)
	at kafka.controller.KafkaController.onReplicasBecomeOffline(KafkaController.scala:622)
	at kafka.controller.KafkaController.onBrokerFailure(KafkaController.scala:592)
	at kafka.controller.KafkaController.processBrokerChange(KafkaController.scala:1610)
	at kafka.controller.KafkaController.process(KafkaController.scala:2565)
	at kafka.controller.QueuedEvent.process(ControllerEventManager.scala:52)
	at kafka.controller.ControllerEventManager$ControllerEventThread.process$1(ControllerEventManager.scala:130)
	at kafka.controller.ControllerEventManager$ControllerEventThread.$anonfun$doWork$1(ControllerEventManager.scala:133)
	at scala.runtime.java8.JFunction0$mcV$sp.apply(JFunction0$mcV$sp.java:23)
	at kafka.metrics.KafkaTimer.time(KafkaTimer.scala:31)
	at kafka.controller.ControllerEventManager$ControllerEventThread.doWork(ControllerEventManager.scala:133)
	at kafka.utils.ShutdownableThread.run(ShutdownableThread.scala:96)
[2022-11-10 19:29:34,803] ERROR [Controller id=0 epoch=2] Controller 0 epoch 2 failed to change state for partition __consumer_offsets-8 from OfflinePartition to OnlinePartition (state.change.logger)
kafka.common.StateChangeFailedException: Failed to elect leader for partition __consumer_offsets-8 under strategy OfflinePartitionLeaderElectionStrategy(false)
	at kafka.controller.ZkPartitionStateMachine.$anonfun$doElectLeaderForPartitions$7(PartitionStateMachine.scala:433)
	at scala.collection.mutable.ResizableArray.foreach(ResizableArray.scala:62)
	at scala.collection.mutable.ResizableArray.foreach$(ResizableArray.scala:55)
	at scala.collection.mutable.ArrayBuffer.foreach(ArrayBuffer.scala:49)
	at kafka.controller.ZkPartitionStateMachine.doElectLeaderForPartitions(PartitionStateMachine.scala:430)
	at kafka.controller.ZkPartitionStateMachine.electLeaderForPartitions(PartitionStateMachine.scala:336)
	at kafka.controller.ZkPartitionStateMachine.doHandleStateChanges(PartitionStateMachine.scala:242)
	at kafka.controller.ZkPartitionStateMachine.handleStateChanges(PartitionStateMachine.scala:162)
	at kafka.controller.PartitionStateMachine.triggerOnlineStateChangeForPartitions(PartitionStateMachine.scala:76)
	at kafka.controller.PartitionStateMachine.triggerOnlinePartitionStateChange(PartitionStateMachine.scala:61)
	at kafka.controller.KafkaController.onReplicasBecomeOffline(KafkaController.scala:622)
	at kafka.controller.KafkaController.onBrokerFailure(KafkaController.scala:592)
	at kafka.controller.KafkaController.processBrokerChange(KafkaController.scala:1610)
	at kafka.controller.KafkaController.process(KafkaController.scala:2565)
	at kafka.controller.QueuedEvent.process(ControllerEventManager.scala:52)
	at kafka.controller.ControllerEventManager$ControllerEventThread.process$1(ControllerEventManager.scala:130)
	at kafka.controller.ControllerEventManager$ControllerEventThread.$anonfun$doWork$1(ControllerEventManager.scala:133)
	at scala.runtime.java8.JFunction0$mcV$sp.apply(JFunction0$mcV$sp.java:23)
	at kafka.metrics.KafkaTimer.time(KafkaTimer.scala:31)
	at kafka.controller.ControllerEventManager$ControllerEventThread.doWork(ControllerEventManager.scala:133)
	at kafka.utils.ShutdownableThread.run(ShutdownableThread.scala:96)
[2022-11-10 19:29:34,803] ERROR [Controller id=0 epoch=2] Controller 0 epoch 2 failed to change state for partition __consumer_offsets-4 from OfflinePartition to OnlinePartition (state.change.logger)
kafka.common.StateChangeFailedException: Failed to elect leader for partition __consumer_offsets-4 under strategy OfflinePartitionLeaderElectionStrategy(false)
	at kafka.controller.ZkPartitionStateMachine.$anonfun$doElectLeaderForPartitions$7(PartitionStateMachine.scala:433)
	at scala.collection.mutable.ResizableArray.foreach(ResizableArray.scala:62)
	at scala.collection.mutable.ResizableArray.foreach$(ResizableArray.scala:55)
	at scala.collection.mutable.ArrayBuffer.foreach(ArrayBuffer.scala:49)
	at kafka.controller.ZkPartitionStateMachine.doElectLeaderForPartitions(PartitionStateMachine.scala:430)
	at kafka.controller.ZkPartitionStateMachine.electLeaderForPartitions(PartitionStateMachine.scala:336)
	at kafka.controller.ZkPartitionStateMachine.doHandleStateChanges(PartitionStateMachine.scala:242)
	at kafka.controller.ZkPartitionStateMachine.handleStateChanges(PartitionStateMachine.scala:162)
	at kafka.controller.PartitionStateMachine.triggerOnlineStateChangeForPartitions(PartitionStateMachine.scala:76)
	at kafka.controller.PartitionStateMachine.triggerOnlinePartitionStateChange(PartitionStateMachine.scala:61)
	at kafka.controller.KafkaController.onReplicasBecomeOffline(KafkaController.scala:622)
	at kafka.controller.KafkaController.onBrokerFailure(KafkaController.scala:592)
	at kafka.controller.KafkaController.processBrokerChange(KafkaController.scala:1610)
	at kafka.controller.KafkaController.process(KafkaController.scala:2565)
	at kafka.controller.QueuedEvent.process(ControllerEventManager.scala:52)
	at kafka.controller.ControllerEventManager$ControllerEventThread.process$1(ControllerEventManager.scala:130)
	at kafka.controller.ControllerEventManager$ControllerEventThread.$anonfun$doWork$1(ControllerEventManager.scala:133)
	at scala.runtime.java8.JFunction0$mcV$sp.apply(JFunction0$mcV$sp.java:23)
	at kafka.metrics.KafkaTimer.time(KafkaTimer.scala:31)
	at kafka.controller.ControllerEventManager$ControllerEventThread.doWork(ControllerEventManager.scala:133)
	at kafka.utils.ShutdownableThread.run(ShutdownableThread.scala:96)
[2022-11-10 19:29:34,803] ERROR [Controller id=0 epoch=2] Controller 0 epoch 2 failed to change state for partition __consumer_offsets-46 from OfflinePartition to OnlinePartition (state.change.logger)
kafka.common.StateChangeFailedException: Failed to elect leader for partition __consumer_offsets-46 under strategy OfflinePartitionLeaderElectionStrategy(false)
	at kafka.controller.ZkPartitionStateMachine.$anonfun$doElectLeaderForPartitions$7(PartitionStateMachine.scala:433)
	at scala.collection.mutable.ResizableArray.foreach(ResizableArray.scala:62)
	at scala.collection.mutable.ResizableArray.foreach$(ResizableArray.scala:55)
	at scala.collection.mutable.ArrayBuffer.foreach(ArrayBuffer.scala:49)
	at kafka.controller.ZkPartitionStateMachine.doElectLeaderForPartitions(PartitionStateMachine.scala:430)
	at kafka.controller.ZkPartitionStateMachine.electLeaderForPartitions(PartitionStateMachine.scala:336)
	at kafka.controller.ZkPartitionStateMachine.doHandleStateChanges(PartitionStateMachine.scala:242)
	at kafka.controller.ZkPartitionStateMachine.handleStateChanges(PartitionStateMachine.scala:162)
	at kafka.controller.PartitionStateMachine.triggerOnlineStateChangeForPartitions(PartitionStateMachine.scala:76)
	at kafka.controller.PartitionStateMachine.triggerOnlinePartitionStateChange(PartitionStateMachine.scala:61)
	at kafka.controller.KafkaController.onReplicasBecomeOffline(KafkaController.scala:622)
	at kafka.controller.KafkaController.onBrokerFailure(KafkaController.scala:592)
	at kafka.controller.KafkaController.processBrokerChange(KafkaController.scala:1610)
	at kafka.controller.KafkaController.process(KafkaController.scala:2565)
	at kafka.controller.QueuedEvent.process(ControllerEventManager.scala:52)
	at kafka.controller.ControllerEventManager$ControllerEventThread.process$1(ControllerEventManager.scala:130)
	at kafka.controller.ControllerEventManager$ControllerEventThread.$anonfun$doWork$1(ControllerEventManager.scala:133)
	at scala.runtime.java8.JFunction0$mcV$sp.apply(JFunction0$mcV$sp.java:23)
	at kafka.metrics.KafkaTimer.time(KafkaTimer.scala:31)
	at kafka.controller.ControllerEventManager$ControllerEventThread.doWork(ControllerEventManager.scala:133)
	at kafka.utils.ShutdownableThread.run(ShutdownableThread.scala:96)
[2022-11-10 19:29:34,804] ERROR [Controller id=0 epoch=2] Controller 0 epoch 2 failed to change state for partition __consumer_offsets-16 from OfflinePartition to OnlinePartition (state.change.logger)
kafka.common.StateChangeFailedException: Failed to elect leader for partition __consumer_offsets-16 under strategy OfflinePartitionLeaderElectionStrategy(false)
	at kafka.controller.ZkPartitionStateMachine.$anonfun$doElectLeaderForPartitions$7(PartitionStateMachine.scala:433)
	at scala.collection.mutable.ResizableArray.foreach(ResizableArray.scala:62)
	at scala.collection.mutable.ResizableArray.foreach$(ResizableArray.scala:55)
	at scala.collection.mutable.ArrayBuffer.foreach(ArrayBuffer.scala:49)
	at kafka.controller.ZkPartitionStateMachine.doElectLeaderForPartitions(PartitionStateMachine.scala:430)
	at kafka.controller.ZkPartitionStateMachine.electLeaderForPartitions(PartitionStateMachine.scala:336)
	at kafka.controller.ZkPartitionStateMachine.doHandleStateChanges(PartitionStateMachine.scala:242)
	at kafka.controller.ZkPartitionStateMachine.handleStateChanges(PartitionStateMachine.scala:162)
	at kafka.controller.PartitionStateMachine.triggerOnlineStateChangeForPartitions(PartitionStateMachine.scala:76)
	at kafka.controller.PartitionStateMachine.triggerOnlinePartitionStateChange(PartitionStateMachine.scala:61)
	at kafka.controller.KafkaController.onReplicasBecomeOffline(KafkaController.scala:622)
	at kafka.controller.KafkaController.onBrokerFailure(KafkaController.scala:592)
	at kafka.controller.KafkaController.processBrokerChange(KafkaController.scala:1610)
	at kafka.controller.KafkaController.process(KafkaController.scala:2565)
	at kafka.controller.QueuedEvent.process(ControllerEventManager.scala:52)
	at kafka.controller.ControllerEventManager$ControllerEventThread.process$1(ControllerEventManager.scala:130)
	at kafka.controller.ControllerEventManager$ControllerEventThread.$anonfun$doWork$1(ControllerEventManager.scala:133)
	at scala.runtime.java8.JFunction0$mcV$sp.apply(JFunction0$mcV$sp.java:23)
	at kafka.metrics.KafkaTimer.time(KafkaTimer.scala:31)
	at kafka.controller.ControllerEventManager$ControllerEventThread.doWork(ControllerEventManager.scala:133)
	at kafka.utils.ShutdownableThread.run(ShutdownableThread.scala:96)
[2022-11-10 19:29:34,804] ERROR [Controller id=0 epoch=2] Controller 0 epoch 2 failed to change state for partition __consumer_offsets-28 from OfflinePartition to OnlinePartition (state.change.logger)
kafka.common.StateChangeFailedException: Failed to elect leader for partition __consumer_offsets-28 under strategy OfflinePartitionLeaderElectionStrategy(false)
	at kafka.controller.ZkPartitionStateMachine.$anonfun$doElectLeaderForPartitions$7(PartitionStateMachine.scala:433)
	at scala.collection.mutable.ResizableArray.foreach(ResizableArray.scala:62)
	at scala.collection.mutable.ResizableArray.foreach$(ResizableArray.scala:55)
	at scala.collection.mutable.ArrayBuffer.foreach(ArrayBuffer.scala:49)
	at kafka.controller.ZkPartitionStateMachine.doElectLeaderForPartitions(PartitionStateMachine.scala:430)
	at kafka.controller.ZkPartitionStateMachine.electLeaderForPartitions(PartitionStateMachine.scala:336)
	at kafka.controller.ZkPartitionStateMachine.doHandleStateChanges(PartitionStateMachine.scala:242)
	at kafka.controller.ZkPartitionStateMachine.handleStateChanges(PartitionStateMachine.scala:162)
	at kafka.controller.PartitionStateMachine.triggerOnlineStateChangeForPartitions(PartitionStateMachine.scala:76)
	at kafka.controller.PartitionStateMachine.triggerOnlinePartitionStateChange(PartitionStateMachine.scala:61)
	at kafka.controller.KafkaController.onReplicasBecomeOffline(KafkaController.scala:622)
	at kafka.controller.KafkaController.onBrokerFailure(KafkaController.scala:592)
	at kafka.controller.KafkaController.processBrokerChange(KafkaController.scala:1610)
	at kafka.controller.KafkaController.process(KafkaController.scala:2565)
	at kafka.controller.QueuedEvent.process(ControllerEventManager.scala:52)
	at kafka.controller.ControllerEventManager$ControllerEventThread.process$1(ControllerEventManager.scala:130)
	at kafka.controller.ControllerEventManager$ControllerEventThread.$anonfun$doWork$1(ControllerEventManager.scala:133)
	at scala.runtime.java8.JFunction0$mcV$sp.apply(JFunction0$mcV$sp.java:23)
	at kafka.metrics.KafkaTimer.time(KafkaTimer.scala:31)
	at kafka.controller.ControllerEventManager$ControllerEventThread.doWork(ControllerEventManager.scala:133)
	at kafka.utils.ShutdownableThread.run(ShutdownableThread.scala:96)
[2022-11-10 19:29:34,804] ERROR [Controller id=0 epoch=2] Controller 0 epoch 2 failed to change state for partition __consumer_offsets-36 from OfflinePartition to OnlinePartition (state.change.logger)
kafka.common.StateChangeFailedException: Failed to elect leader for partition __consumer_offsets-36 under strategy OfflinePartitionLeaderElectionStrategy(false)
	at kafka.controller.ZkPartitionStateMachine.$anonfun$doElectLeaderForPartitions$7(PartitionStateMachine.scala:433)
	at scala.collection.mutable.ResizableArray.foreach(ResizableArray.scala:62)
	at scala.collection.mutable.ResizableArray.foreach$(ResizableArray.scala:55)
	at scala.collection.mutable.ArrayBuffer.foreach(ArrayBuffer.scala:49)
	at kafka.controller.ZkPartitionStateMachine.doElectLeaderForPartitions(PartitionStateMachine.scala:430)
	at kafka.controller.ZkPartitionStateMachine.electLeaderForPartitions(PartitionStateMachine.scala:336)
	at kafka.controller.ZkPartitionStateMachine.doHandleStateChanges(PartitionStateMachine.scala:242)
	at kafka.controller.ZkPartitionStateMachine.handleStateChanges(PartitionStateMachine.scala:162)
	at kafka.controller.PartitionStateMachine.triggerOnlineStateChangeForPartitions(PartitionStateMachine.scala:76)
	at kafka.controller.PartitionStateMachine.triggerOnlinePartitionStateChange(PartitionStateMachine.scala:61)
	at kafka.controller.KafkaController.onReplicasBecomeOffline(KafkaController.scala:622)
	at kafka.controller.KafkaController.onBrokerFailure(KafkaController.scala:592)
	at kafka.controller.KafkaController.processBrokerChange(KafkaController.scala:1610)
	at kafka.controller.KafkaController.process(KafkaController.scala:2565)
	at kafka.controller.QueuedEvent.process(ControllerEventManager.scala:52)
	at kafka.controller.ControllerEventManager$ControllerEventThread.process$1(ControllerEventManager.scala:130)
	at kafka.controller.ControllerEventManager$ControllerEventThread.$anonfun$doWork$1(ControllerEventManager.scala:133)
	at scala.runtime.java8.JFunction0$mcV$sp.apply(JFunction0$mcV$sp.java:23)
	at kafka.metrics.KafkaTimer.time(KafkaTimer.scala:31)
	at kafka.controller.ControllerEventManager$ControllerEventThread.doWork(ControllerEventManager.scala:133)
	at kafka.utils.ShutdownableThread.run(ShutdownableThread.scala:96)
[2022-11-10 19:29:34,805] ERROR [Controller id=0 epoch=2] Controller 0 epoch 2 failed to change state for partition diabete-0 from OfflinePartition to OnlinePartition (state.change.logger)
kafka.common.StateChangeFailedException: Failed to elect leader for partition diabete-0 under strategy OfflinePartitionLeaderElectionStrategy(false)
	at kafka.controller.ZkPartitionStateMachine.$anonfun$doElectLeaderForPartitions$7(PartitionStateMachine.scala:433)
	at scala.collection.mutable.ResizableArray.foreach(ResizableArray.scala:62)
	at scala.collection.mutable.ResizableArray.foreach$(ResizableArray.scala:55)
	at scala.collection.mutable.ArrayBuffer.foreach(ArrayBuffer.scala:49)
	at kafka.controller.ZkPartitionStateMachine.doElectLeaderForPartitions(PartitionStateMachine.scala:430)
	at kafka.controller.ZkPartitionStateMachine.electLeaderForPartitions(PartitionStateMachine.scala:336)
	at kafka.controller.ZkPartitionStateMachine.doHandleStateChanges(PartitionStateMachine.scala:242)
	at kafka.controller.ZkPartitionStateMachine.handleStateChanges(PartitionStateMachine.scala:162)
	at kafka.controller.PartitionStateMachine.triggerOnlineStateChangeForPartitions(PartitionStateMachine.scala:76)
	at kafka.controller.PartitionStateMachine.triggerOnlinePartitionStateChange(PartitionStateMachine.scala:61)
	at kafka.controller.KafkaController.onReplicasBecomeOffline(KafkaController.scala:622)
	at kafka.controller.KafkaController.onBrokerFailure(KafkaController.scala:592)
	at kafka.controller.KafkaController.processBrokerChange(KafkaController.scala:1610)
	at kafka.controller.KafkaController.process(KafkaController.scala:2565)
	at kafka.controller.QueuedEvent.process(ControllerEventManager.scala:52)
	at kafka.controller.ControllerEventManager$ControllerEventThread.process$1(ControllerEventManager.scala:130)
	at kafka.controller.ControllerEventManager$ControllerEventThread.$anonfun$doWork$1(ControllerEventManager.scala:133)
	at scala.runtime.java8.JFunction0$mcV$sp.apply(JFunction0$mcV$sp.java:23)
	at kafka.metrics.KafkaTimer.time(KafkaTimer.scala:31)
	at kafka.controller.ControllerEventManager$ControllerEventThread.doWork(ControllerEventManager.scala:133)
	at kafka.utils.ShutdownableThread.run(ShutdownableThread.scala:96)
[2022-11-10 19:29:34,805] ERROR [Controller id=0 epoch=2] Controller 0 epoch 2 failed to change state for partition __consumer_offsets-42 from OfflinePartition to OnlinePartition (state.change.logger)
kafka.common.StateChangeFailedException: Failed to elect leader for partition __consumer_offsets-42 under strategy OfflinePartitionLeaderElectionStrategy(false)
	at kafka.controller.ZkPartitionStateMachine.$anonfun$doElectLeaderForPartitions$7(PartitionStateMachine.scala:433)
	at scala.collection.mutable.ResizableArray.foreach(ResizableArray.scala:62)
	at scala.collection.mutable.ResizableArray.foreach$(ResizableArray.scala:55)
	at scala.collection.mutable.ArrayBuffer.foreach(ArrayBuffer.scala:49)
	at kafka.controller.ZkPartitionStateMachine.doElectLeaderForPartitions(PartitionStateMachine.scala:430)
	at kafka.controller.ZkPartitionStateMachine.electLeaderForPartitions(PartitionStateMachine.scala:336)
	at kafka.controller.ZkPartitionStateMachine.doHandleStateChanges(PartitionStateMachine.scala:242)
	at kafka.controller.ZkPartitionStateMachine.handleStateChanges(PartitionStateMachine.scala:162)
	at kafka.controller.PartitionStateMachine.triggerOnlineStateChangeForPartitions(PartitionStateMachine.scala:76)
	at kafka.controller.PartitionStateMachine.triggerOnlinePartitionStateChange(PartitionStateMachine.scala:61)
	at kafka.controller.KafkaController.onReplicasBecomeOffline(KafkaController.scala:622)
	at kafka.controller.KafkaController.onBrokerFailure(KafkaController.scala:592)
	at kafka.controller.KafkaController.processBrokerChange(KafkaController.scala:1610)
	at kafka.controller.KafkaController.process(KafkaController.scala:2565)
	at kafka.controller.QueuedEvent.process(ControllerEventManager.scala:52)
	at kafka.controller.ControllerEventManager$ControllerEventThread.process$1(ControllerEventManager.scala:130)
	at kafka.controller.ControllerEventManager$ControllerEventThread.$anonfun$doWork$1(ControllerEventManager.scala:133)
	at scala.runtime.java8.JFunction0$mcV$sp.apply(JFunction0$mcV$sp.java:23)
	at kafka.metrics.KafkaTimer.time(KafkaTimer.scala:31)
	at kafka.controller.ControllerEventManager$ControllerEventThread.doWork(ControllerEventManager.scala:133)
	at kafka.utils.ShutdownableThread.run(ShutdownableThread.scala:96)
[2022-11-10 19:29:34,805] ERROR [Controller id=0 epoch=2] Controller 0 epoch 2 failed to change state for partition __consumer_offsets-18 from OfflinePartition to OnlinePartition (state.change.logger)
kafka.common.StateChangeFailedException: Failed to elect leader for partition __consumer_offsets-18 under strategy OfflinePartitionLeaderElectionStrategy(false)
	at kafka.controller.ZkPartitionStateMachine.$anonfun$doElectLeaderForPartitions$7(PartitionStateMachine.scala:433)
	at scala.collection.mutable.ResizableArray.foreach(ResizableArray.scala:62)
	at scala.collection.mutable.ResizableArray.foreach$(ResizableArray.scala:55)
	at scala.collection.mutable.ArrayBuffer.foreach(ArrayBuffer.scala:49)
	at kafka.controller.ZkPartitionStateMachine.doElectLeaderForPartitions(PartitionStateMachine.scala:430)
	at kafka.controller.ZkPartitionStateMachine.electLeaderForPartitions(PartitionStateMachine.scala:336)
	at kafka.controller.ZkPartitionStateMachine.doHandleStateChanges(PartitionStateMachine.scala:242)
	at kafka.controller.ZkPartitionStateMachine.handleStateChanges(PartitionStateMachine.scala:162)
	at kafka.controller.PartitionStateMachine.triggerOnlineStateChangeForPartitions(PartitionStateMachine.scala:76)
	at kafka.controller.PartitionStateMachine.triggerOnlinePartitionStateChange(PartitionStateMachine.scala:61)
	at kafka.controller.KafkaController.onReplicasBecomeOffline(KafkaController.scala:622)
	at kafka.controller.KafkaController.onBrokerFailure(KafkaController.scala:592)
	at kafka.controller.KafkaController.processBrokerChange(KafkaController.scala:1610)
	at kafka.controller.KafkaController.process(KafkaController.scala:2565)
	at kafka.controller.QueuedEvent.process(ControllerEventManager.scala:52)
	at kafka.controller.ControllerEventManager$ControllerEventThread.process$1(ControllerEventManager.scala:130)
	at kafka.controller.ControllerEventManager$ControllerEventThread.$anonfun$doWork$1(ControllerEventManager.scala:133)
	at scala.runtime.java8.JFunction0$mcV$sp.apply(JFunction0$mcV$sp.java:23)
	at kafka.metrics.KafkaTimer.time(KafkaTimer.scala:31)
	at kafka.controller.ControllerEventManager$ControllerEventThread.doWork(ControllerEventManager.scala:133)
	at kafka.utils.ShutdownableThread.run(ShutdownableThread.scala:96)
[2022-11-10 19:29:34,806] ERROR [Controller id=0 epoch=2] Controller 0 epoch 2 failed to change state for partition __consumer_offsets-24 from OfflinePartition to OnlinePartition (state.change.logger)
kafka.common.StateChangeFailedException: Failed to elect leader for partition __consumer_offsets-24 under strategy OfflinePartitionLeaderElectionStrategy(false)
	at kafka.controller.ZkPartitionStateMachine.$anonfun$doElectLeaderForPartitions$7(PartitionStateMachine.scala:433)
	at scala.collection.mutable.ResizableArray.foreach(ResizableArray.scala:62)
	at scala.collection.mutable.ResizableArray.foreach$(ResizableArray.scala:55)
	at scala.collection.mutable.ArrayBuffer.foreach(ArrayBuffer.scala:49)
	at kafka.controller.ZkPartitionStateMachine.doElectLeaderForPartitions(PartitionStateMachine.scala:430)
	at kafka.controller.ZkPartitionStateMachine.electLeaderForPartitions(PartitionStateMachine.scala:336)
	at kafka.controller.ZkPartitionStateMachine.doHandleStateChanges(PartitionStateMachine.scala:242)
	at kafka.controller.ZkPartitionStateMachine.handleStateChanges(PartitionStateMachine.scala:162)
	at kafka.controller.PartitionStateMachine.triggerOnlineStateChangeForPartitions(PartitionStateMachine.scala:76)
	at kafka.controller.PartitionStateMachine.triggerOnlinePartitionStateChange(PartitionStateMachine.scala:61)
	at kafka.controller.KafkaController.onReplicasBecomeOffline(KafkaController.scala:622)
	at kafka.controller.KafkaController.onBrokerFailure(KafkaController.scala:592)
	at kafka.controller.KafkaController.processBrokerChange(KafkaController.scala:1610)
	at kafka.controller.KafkaController.process(KafkaController.scala:2565)
	at kafka.controller.QueuedEvent.process(ControllerEventManager.scala:52)
	at kafka.controller.ControllerEventManager$ControllerEventThread.process$1(ControllerEventManager.scala:130)
	at kafka.controller.ControllerEventManager$ControllerEventThread.$anonfun$doWork$1(ControllerEventManager.scala:133)
	at scala.runtime.java8.JFunction0$mcV$sp.apply(JFunction0$mcV$sp.java:23)
	at kafka.metrics.KafkaTimer.time(KafkaTimer.scala:31)
	at kafka.controller.ControllerEventManager$ControllerEventThread.doWork(ControllerEventManager.scala:133)
	at kafka.utils.ShutdownableThread.run(ShutdownableThread.scala:96)
[2022-11-10 19:29:34,806] ERROR [Controller id=0 epoch=2] Controller 0 epoch 2 failed to change state for partition __consumer_offsets-38 from OfflinePartition to OnlinePartition (state.change.logger)
kafka.common.StateChangeFailedException: Failed to elect leader for partition __consumer_offsets-38 under strategy OfflinePartitionLeaderElectionStrategy(false)
	at kafka.controller.ZkPartitionStateMachine.$anonfun$doElectLeaderForPartitions$7(PartitionStateMachine.scala:433)
	at scala.collection.mutable.ResizableArray.foreach(ResizableArray.scala:62)
	at scala.collection.mutable.ResizableArray.foreach$(ResizableArray.scala:55)
	at scala.collection.mutable.ArrayBuffer.foreach(ArrayBuffer.scala:49)
	at kafka.controller.ZkPartitionStateMachine.doElectLeaderForPartitions(PartitionStateMachine.scala:430)
	at kafka.controller.ZkPartitionStateMachine.electLeaderForPartitions(PartitionStateMachine.scala:336)
	at kafka.controller.ZkPartitionStateMachine.doHandleStateChanges(PartitionStateMachine.scala:242)
	at kafka.controller.ZkPartitionStateMachine.handleStateChanges(PartitionStateMachine.scala:162)
	at kafka.controller.PartitionStateMachine.triggerOnlineStateChangeForPartitions(PartitionStateMachine.scala:76)
	at kafka.controller.PartitionStateMachine.triggerOnlinePartitionStateChange(PartitionStateMachine.scala:61)
	at kafka.controller.KafkaController.onReplicasBecomeOffline(KafkaController.scala:622)
	at kafka.controller.KafkaController.onBrokerFailure(KafkaController.scala:592)
	at kafka.controller.KafkaController.processBrokerChange(KafkaController.scala:1610)
	at kafka.controller.KafkaController.process(KafkaController.scala:2565)
	at kafka.controller.QueuedEvent.process(ControllerEventManager.scala:52)
	at kafka.controller.ControllerEventManager$ControllerEventThread.process$1(ControllerEventManager.scala:130)
	at kafka.controller.ControllerEventManager$ControllerEventThread.$anonfun$doWork$1(ControllerEventManager.scala:133)
	at scala.runtime.java8.JFunction0$mcV$sp.apply(JFunction0$mcV$sp.java:23)
	at kafka.metrics.KafkaTimer.time(KafkaTimer.scala:31)
	at kafka.controller.ControllerEventManager$ControllerEventThread.doWork(ControllerEventManager.scala:133)
	at kafka.utils.ShutdownableThread.run(ShutdownableThread.scala:96)
[2022-11-10 19:29:34,806] ERROR [Controller id=0 epoch=2] Controller 0 epoch 2 failed to change state for partition __consumer_offsets-48 from OfflinePartition to OnlinePartition (state.change.logger)
kafka.common.StateChangeFailedException: Failed to elect leader for partition __consumer_offsets-48 under strategy OfflinePartitionLeaderElectionStrategy(false)
	at kafka.controller.ZkPartitionStateMachine.$anonfun$doElectLeaderForPartitions$7(PartitionStateMachine.scala:433)
	at scala.collection.mutable.ResizableArray.foreach(ResizableArray.scala:62)
	at scala.collection.mutable.ResizableArray.foreach$(ResizableArray.scala:55)
	at scala.collection.mutable.ArrayBuffer.foreach(ArrayBuffer.scala:49)
	at kafka.controller.ZkPartitionStateMachine.doElectLeaderForPartitions(PartitionStateMachine.scala:430)
	at kafka.controller.ZkPartitionStateMachine.electLeaderForPartitions(PartitionStateMachine.scala:336)
	at kafka.controller.ZkPartitionStateMachine.doHandleStateChanges(PartitionStateMachine.scala:242)
	at kafka.controller.ZkPartitionStateMachine.handleStateChanges(PartitionStateMachine.scala:162)
	at kafka.controller.PartitionStateMachine.triggerOnlineStateChangeForPartitions(PartitionStateMachine.scala:76)
	at kafka.controller.PartitionStateMachine.triggerOnlinePartitionStateChange(PartitionStateMachine.scala:61)
	at kafka.controller.KafkaController.onReplicasBecomeOffline(KafkaController.scala:622)
	at kafka.controller.KafkaController.onBrokerFailure(KafkaController.scala:592)
	at kafka.controller.KafkaController.processBrokerChange(KafkaController.scala:1610)
	at kafka.controller.KafkaController.process(KafkaController.scala:2565)
	at kafka.controller.QueuedEvent.process(ControllerEventManager.scala:52)
	at kafka.controller.ControllerEventManager$ControllerEventThread.process$1(ControllerEventManager.scala:130)
	at kafka.controller.ControllerEventManager$ControllerEventThread.$anonfun$doWork$1(ControllerEventManager.scala:133)
	at scala.runtime.java8.JFunction0$mcV$sp.apply(JFunction0$mcV$sp.java:23)
	at kafka.metrics.KafkaTimer.time(KafkaTimer.scala:31)
	at kafka.controller.ControllerEventManager$ControllerEventThread.doWork(ControllerEventManager.scala:133)
	at kafka.utils.ShutdownableThread.run(ShutdownableThread.scala:96)
[2022-11-10 19:29:34,807] ERROR [Controller id=0 epoch=2] Controller 0 epoch 2 failed to change state for partition __consumer_offsets-2 from OfflinePartition to OnlinePartition (state.change.logger)
kafka.common.StateChangeFailedException: Failed to elect leader for partition __consumer_offsets-2 under strategy OfflinePartitionLeaderElectionStrategy(false)
	at kafka.controller.ZkPartitionStateMachine.$anonfun$doElectLeaderForPartitions$7(PartitionStateMachine.scala:433)
	at scala.collection.mutable.ResizableArray.foreach(ResizableArray.scala:62)
	at scala.collection.mutable.ResizableArray.foreach$(ResizableArray.scala:55)
	at scala.collection.mutable.ArrayBuffer.foreach(ArrayBuffer.scala:49)
	at kafka.controller.ZkPartitionStateMachine.doElectLeaderForPartitions(PartitionStateMachine.scala:430)
	at kafka.controller.ZkPartitionStateMachine.electLeaderForPartitions(PartitionStateMachine.scala:336)
	at kafka.controller.ZkPartitionStateMachine.doHandleStateChanges(PartitionStateMachine.scala:242)
	at kafka.controller.ZkPartitionStateMachine.handleStateChanges(PartitionStateMachine.scala:162)
	at kafka.controller.PartitionStateMachine.triggerOnlineStateChangeForPartitions(PartitionStateMachine.scala:76)
	at kafka.controller.PartitionStateMachine.triggerOnlinePartitionStateChange(PartitionStateMachine.scala:61)
	at kafka.controller.KafkaController.onReplicasBecomeOffline(KafkaController.scala:622)
	at kafka.controller.KafkaController.onBrokerFailure(KafkaController.scala:592)
	at kafka.controller.KafkaController.processBrokerChange(KafkaController.scala:1610)
	at kafka.controller.KafkaController.process(KafkaController.scala:2565)
	at kafka.controller.QueuedEvent.process(ControllerEventManager.scala:52)
	at kafka.controller.ControllerEventManager$ControllerEventThread.process$1(ControllerEventManager.scala:130)
	at kafka.controller.ControllerEventManager$ControllerEventThread.$anonfun$doWork$1(ControllerEventManager.scala:133)
	at scala.runtime.java8.JFunction0$mcV$sp.apply(JFunction0$mcV$sp.java:23)
	at kafka.metrics.KafkaTimer.time(KafkaTimer.scala:31)
	at kafka.controller.ControllerEventManager$ControllerEventThread.doWork(ControllerEventManager.scala:133)
	at kafka.utils.ShutdownableThread.run(ShutdownableThread.scala:96)
[2022-11-10 19:29:34,807] ERROR [Controller id=0 epoch=2] Controller 0 epoch 2 failed to change state for partition __consumer_offsets-6 from OfflinePartition to OnlinePartition (state.change.logger)
kafka.common.StateChangeFailedException: Failed to elect leader for partition __consumer_offsets-6 under strategy OfflinePartitionLeaderElectionStrategy(false)
	at kafka.controller.ZkPartitionStateMachine.$anonfun$doElectLeaderForPartitions$7(PartitionStateMachine.scala:433)
	at scala.collection.mutable.ResizableArray.foreach(ResizableArray.scala:62)
	at scala.collection.mutable.ResizableArray.foreach$(ResizableArray.scala:55)
	at scala.collection.mutable.ArrayBuffer.foreach(ArrayBuffer.scala:49)
	at kafka.controller.ZkPartitionStateMachine.doElectLeaderForPartitions(PartitionStateMachine.scala:430)
	at kafka.controller.ZkPartitionStateMachine.electLeaderForPartitions(PartitionStateMachine.scala:336)
	at kafka.controller.ZkPartitionStateMachine.doHandleStateChanges(PartitionStateMachine.scala:242)
	at kafka.controller.ZkPartitionStateMachine.handleStateChanges(PartitionStateMachine.scala:162)
	at kafka.controller.PartitionStateMachine.triggerOnlineStateChangeForPartitions(PartitionStateMachine.scala:76)
	at kafka.controller.PartitionStateMachine.triggerOnlinePartitionStateChange(PartitionStateMachine.scala:61)
	at kafka.controller.KafkaController.onReplicasBecomeOffline(KafkaController.scala:622)
	at kafka.controller.KafkaController.onBrokerFailure(KafkaController.scala:592)
	at kafka.controller.KafkaController.processBrokerChange(KafkaController.scala:1610)
	at kafka.controller.KafkaController.process(KafkaController.scala:2565)
	at kafka.controller.QueuedEvent.process(ControllerEventManager.scala:52)
	at kafka.controller.ControllerEventManager$ControllerEventThread.process$1(ControllerEventManager.scala:130)
	at kafka.controller.ControllerEventManager$ControllerEventThread.$anonfun$doWork$1(ControllerEventManager.scala:133)
	at scala.runtime.java8.JFunction0$mcV$sp.apply(JFunction0$mcV$sp.java:23)
	at kafka.metrics.KafkaTimer.time(KafkaTimer.scala:31)
	at kafka.controller.ControllerEventManager$ControllerEventThread.doWork(ControllerEventManager.scala:133)
	at kafka.utils.ShutdownableThread.run(ShutdownableThread.scala:96)
[2022-11-10 19:29:34,807] ERROR [Controller id=0 epoch=2] Controller 0 epoch 2 failed to change state for partition __consumer_offsets-14 from OfflinePartition to OnlinePartition (state.change.logger)
kafka.common.StateChangeFailedException: Failed to elect leader for partition __consumer_offsets-14 under strategy OfflinePartitionLeaderElectionStrategy(false)
	at kafka.controller.ZkPartitionStateMachine.$anonfun$doElectLeaderForPartitions$7(PartitionStateMachine.scala:433)
	at scala.collection.mutable.ResizableArray.foreach(ResizableArray.scala:62)
	at scala.collection.mutable.ResizableArray.foreach$(ResizableArray.scala:55)
	at scala.collection.mutable.ArrayBuffer.foreach(ArrayBuffer.scala:49)
	at kafka.controller.ZkPartitionStateMachine.doElectLeaderForPartitions(PartitionStateMachine.scala:430)
	at kafka.controller.ZkPartitionStateMachine.electLeaderForPartitions(PartitionStateMachine.scala:336)
	at kafka.controller.ZkPartitionStateMachine.doHandleStateChanges(PartitionStateMachine.scala:242)
	at kafka.controller.ZkPartitionStateMachine.handleStateChanges(PartitionStateMachine.scala:162)
	at kafka.controller.PartitionStateMachine.triggerOnlineStateChangeForPartitions(PartitionStateMachine.scala:76)
	at kafka.controller.PartitionStateMachine.triggerOnlinePartitionStateChange(PartitionStateMachine.scala:61)
	at kafka.controller.KafkaController.onReplicasBecomeOffline(KafkaController.scala:622)
	at kafka.controller.KafkaController.onBrokerFailure(KafkaController.scala:592)
	at kafka.controller.KafkaController.processBrokerChange(KafkaController.scala:1610)
	at kafka.controller.KafkaController.process(KafkaController.scala:2565)
	at kafka.controller.QueuedEvent.process(ControllerEventManager.scala:52)
	at kafka.controller.ControllerEventManager$ControllerEventThread.process$1(ControllerEventManager.scala:130)
	at kafka.controller.ControllerEventManager$ControllerEventThread.$anonfun$doWork$1(ControllerEventManager.scala:133)
	at scala.runtime.java8.JFunction0$mcV$sp.apply(JFunction0$mcV$sp.java:23)
	at kafka.metrics.KafkaTimer.time(KafkaTimer.scala:31)
	at kafka.controller.ControllerEventManager$ControllerEventThread.doWork(ControllerEventManager.scala:133)
	at kafka.utils.ShutdownableThread.run(ShutdownableThread.scala:96)
[2022-11-10 19:29:34,808] ERROR [Controller id=0 epoch=2] Controller 0 epoch 2 failed to change state for partition __consumer_offsets-20 from OfflinePartition to OnlinePartition (state.change.logger)
kafka.common.StateChangeFailedException: Failed to elect leader for partition __consumer_offsets-20 under strategy OfflinePartitionLeaderElectionStrategy(false)
	at kafka.controller.ZkPartitionStateMachine.$anonfun$doElectLeaderForPartitions$7(PartitionStateMachine.scala:433)
	at scala.collection.mutable.ResizableArray.foreach(ResizableArray.scala:62)
	at scala.collection.mutable.ResizableArray.foreach$(ResizableArray.scala:55)
	at scala.collection.mutable.ArrayBuffer.foreach(ArrayBuffer.scala:49)
	at kafka.controller.ZkPartitionStateMachine.doElectLeaderForPartitions(PartitionStateMachine.scala:430)
	at kafka.controller.ZkPartitionStateMachine.electLeaderForPartitions(PartitionStateMachine.scala:336)
	at kafka.controller.ZkPartitionStateMachine.doHandleStateChanges(PartitionStateMachine.scala:242)
	at kafka.controller.ZkPartitionStateMachine.handleStateChanges(PartitionStateMachine.scala:162)
	at kafka.controller.PartitionStateMachine.triggerOnlineStateChangeForPartitions(PartitionStateMachine.scala:76)
	at kafka.controller.PartitionStateMachine.triggerOnlinePartitionStateChange(PartitionStateMachine.scala:61)
	at kafka.controller.KafkaController.onReplicasBecomeOffline(KafkaController.scala:622)
	at kafka.controller.KafkaController.onBrokerFailure(KafkaController.scala:592)
	at kafka.controller.KafkaController.processBrokerChange(KafkaController.scala:1610)
	at kafka.controller.KafkaController.process(KafkaController.scala:2565)
	at kafka.controller.QueuedEvent.process(ControllerEventManager.scala:52)
	at kafka.controller.ControllerEventManager$ControllerEventThread.process$1(ControllerEventManager.scala:130)
	at kafka.controller.ControllerEventManager$ControllerEventThread.$anonfun$doWork$1(ControllerEventManager.scala:133)
	at scala.runtime.java8.JFunction0$mcV$sp.apply(JFunction0$mcV$sp.java:23)
	at kafka.metrics.KafkaTimer.time(KafkaTimer.scala:31)
	at kafka.controller.ControllerEventManager$ControllerEventThread.doWork(ControllerEventManager.scala:133)
	at kafka.utils.ShutdownableThread.run(ShutdownableThread.scala:96)
[2022-11-10 19:29:34,808] ERROR [Controller id=0 epoch=2] Controller 0 epoch 2 failed to change state for partition __consumer_offsets-0 from OfflinePartition to OnlinePartition (state.change.logger)
kafka.common.StateChangeFailedException: Failed to elect leader for partition __consumer_offsets-0 under strategy OfflinePartitionLeaderElectionStrategy(false)
	at kafka.controller.ZkPartitionStateMachine.$anonfun$doElectLeaderForPartitions$7(PartitionStateMachine.scala:433)
	at scala.collection.mutable.ResizableArray.foreach(ResizableArray.scala:62)
	at scala.collection.mutable.ResizableArray.foreach$(ResizableArray.scala:55)
	at scala.collection.mutable.ArrayBuffer.foreach(ArrayBuffer.scala:49)
	at kafka.controller.ZkPartitionStateMachine.doElectLeaderForPartitions(PartitionStateMachine.scala:430)
	at kafka.controller.ZkPartitionStateMachine.electLeaderForPartitions(PartitionStateMachine.scala:336)
	at kafka.controller.ZkPartitionStateMachine.doHandleStateChanges(PartitionStateMachine.scala:242)
	at kafka.controller.ZkPartitionStateMachine.handleStateChanges(PartitionStateMachine.scala:162)
	at kafka.controller.PartitionStateMachine.triggerOnlineStateChangeForPartitions(PartitionStateMachine.scala:76)
	at kafka.controller.PartitionStateMachine.triggerOnlinePartitionStateChange(PartitionStateMachine.scala:61)
	at kafka.controller.KafkaController.onReplicasBecomeOffline(KafkaController.scala:622)
	at kafka.controller.KafkaController.onBrokerFailure(KafkaController.scala:592)
	at kafka.controller.KafkaController.processBrokerChange(KafkaController.scala:1610)
	at kafka.controller.KafkaController.process(KafkaController.scala:2565)
	at kafka.controller.QueuedEvent.process(ControllerEventManager.scala:52)
	at kafka.controller.ControllerEventManager$ControllerEventThread.process$1(ControllerEventManager.scala:130)
	at kafka.controller.ControllerEventManager$ControllerEventThread.$anonfun$doWork$1(ControllerEventManager.scala:133)
	at scala.runtime.java8.JFunction0$mcV$sp.apply(JFunction0$mcV$sp.java:23)
	at kafka.metrics.KafkaTimer.time(KafkaTimer.scala:31)
	at kafka.controller.ControllerEventManager$ControllerEventThread.doWork(ControllerEventManager.scala:133)
	at kafka.utils.ShutdownableThread.run(ShutdownableThread.scala:96)
[2022-11-10 19:29:34,808] ERROR [Controller id=0 epoch=2] Controller 0 epoch 2 failed to change state for partition __consumer_offsets-44 from OfflinePartition to OnlinePartition (state.change.logger)
kafka.common.StateChangeFailedException: Failed to elect leader for partition __consumer_offsets-44 under strategy OfflinePartitionLeaderElectionStrategy(false)
	at kafka.controller.ZkPartitionStateMachine.$anonfun$doElectLeaderForPartitions$7(PartitionStateMachine.scala:433)
	at scala.collection.mutable.ResizableArray.foreach(ResizableArray.scala:62)
	at scala.collection.mutable.ResizableArray.foreach$(ResizableArray.scala:55)
	at scala.collection.mutable.ArrayBuffer.foreach(ArrayBuffer.scala:49)
	at kafka.controller.ZkPartitionStateMachine.doElectLeaderForPartitions(PartitionStateMachine.scala:430)
	at kafka.controller.ZkPartitionStateMachine.electLeaderForPartitions(PartitionStateMachine.scala:336)
	at kafka.controller.ZkPartitionStateMachine.doHandleStateChanges(PartitionStateMachine.scala:242)
	at kafka.controller.ZkPartitionStateMachine.handleStateChanges(PartitionStateMachine.scala:162)
	at kafka.controller.PartitionStateMachine.triggerOnlineStateChangeForPartitions(PartitionStateMachine.scala:76)
	at kafka.controller.PartitionStateMachine.triggerOnlinePartitionStateChange(PartitionStateMachine.scala:61)
	at kafka.controller.KafkaController.onReplicasBecomeOffline(KafkaController.scala:622)
	at kafka.controller.KafkaController.onBrokerFailure(KafkaController.scala:592)
	at kafka.controller.KafkaController.processBrokerChange(KafkaController.scala:1610)
	at kafka.controller.KafkaController.process(KafkaController.scala:2565)
	at kafka.controller.QueuedEvent.process(ControllerEventManager.scala:52)
	at kafka.controller.ControllerEventManager$ControllerEventThread.process$1(ControllerEventManager.scala:130)
	at kafka.controller.ControllerEventManager$ControllerEventThread.$anonfun$doWork$1(ControllerEventManager.scala:133)
	at scala.runtime.java8.JFunction0$mcV$sp.apply(JFunction0$mcV$sp.java:23)
	at kafka.metrics.KafkaTimer.time(KafkaTimer.scala:31)
	at kafka.controller.ControllerEventManager$ControllerEventThread.doWork(ControllerEventManager.scala:133)
	at kafka.utils.ShutdownableThread.run(ShutdownableThread.scala:96)
[2022-11-10 19:29:34,809] ERROR [Controller id=0 epoch=2] Controller 0 epoch 2 failed to change state for partition __consumer_offsets-12 from OfflinePartition to OnlinePartition (state.change.logger)
kafka.common.StateChangeFailedException: Failed to elect leader for partition __consumer_offsets-12 under strategy OfflinePartitionLeaderElectionStrategy(false)
	at kafka.controller.ZkPartitionStateMachine.$anonfun$doElectLeaderForPartitions$7(PartitionStateMachine.scala:433)
	at scala.collection.mutable.ResizableArray.foreach(ResizableArray.scala:62)
	at scala.collection.mutable.ResizableArray.foreach$(ResizableArray.scala:55)
	at scala.collection.mutable.ArrayBuffer.foreach(ArrayBuffer.scala:49)
	at kafka.controller.ZkPartitionStateMachine.doElectLeaderForPartitions(PartitionStateMachine.scala:430)
	at kafka.controller.ZkPartitionStateMachine.electLeaderForPartitions(PartitionStateMachine.scala:336)
	at kafka.controller.ZkPartitionStateMachine.doHandleStateChanges(PartitionStateMachine.scala:242)
	at kafka.controller.ZkPartitionStateMachine.handleStateChanges(PartitionStateMachine.scala:162)
	at kafka.controller.PartitionStateMachine.triggerOnlineStateChangeForPartitions(PartitionStateMachine.scala:76)
	at kafka.controller.PartitionStateMachine.triggerOnlinePartitionStateChange(PartitionStateMachine.scala:61)
	at kafka.controller.KafkaController.onReplicasBecomeOffline(KafkaController.scala:622)
	at kafka.controller.KafkaController.onBrokerFailure(KafkaController.scala:592)
	at kafka.controller.KafkaController.processBrokerChange(KafkaController.scala:1610)
	at kafka.controller.KafkaController.process(KafkaController.scala:2565)
	at kafka.controller.QueuedEvent.process(ControllerEventManager.scala:52)
	at kafka.controller.ControllerEventManager$ControllerEventThread.process$1(ControllerEventManager.scala:130)
	at kafka.controller.ControllerEventManager$ControllerEventThread.$anonfun$doWork$1(ControllerEventManager.scala:133)
	at scala.runtime.java8.JFunction0$mcV$sp.apply(JFunction0$mcV$sp.java:23)
	at kafka.metrics.KafkaTimer.time(KafkaTimer.scala:31)
	at kafka.controller.ControllerEventManager$ControllerEventThread.doWork(ControllerEventManager.scala:133)
	at kafka.utils.ShutdownableThread.run(ShutdownableThread.scala:96)
[2022-11-10 19:29:34,810] ERROR [Controller id=0 epoch=2] Controller 0 epoch 2 failed to change state for partition __consumer_offsets-26 from OfflinePartition to OnlinePartition (state.change.logger)
kafka.common.StateChangeFailedException: Failed to elect leader for partition __consumer_offsets-26 under strategy OfflinePartitionLeaderElectionStrategy(false)
	at kafka.controller.ZkPartitionStateMachine.$anonfun$doElectLeaderForPartitions$7(PartitionStateMachine.scala:433)
	at scala.collection.mutable.ResizableArray.foreach(ResizableArray.scala:62)
	at scala.collection.mutable.ResizableArray.foreach$(ResizableArray.scala:55)
	at scala.collection.mutable.ArrayBuffer.foreach(ArrayBuffer.scala:49)
	at kafka.controller.ZkPartitionStateMachine.doElectLeaderForPartitions(PartitionStateMachine.scala:430)
	at kafka.controller.ZkPartitionStateMachine.electLeaderForPartitions(PartitionStateMachine.scala:336)
	at kafka.controller.ZkPartitionStateMachine.doHandleStateChanges(PartitionStateMachine.scala:242)
	at kafka.controller.ZkPartitionStateMachine.handleStateChanges(PartitionStateMachine.scala:162)
	at kafka.controller.PartitionStateMachine.triggerOnlineStateChangeForPartitions(PartitionStateMachine.scala:76)
	at kafka.controller.PartitionStateMachine.triggerOnlinePartitionStateChange(PartitionStateMachine.scala:61)
	at kafka.controller.KafkaController.onReplicasBecomeOffline(KafkaController.scala:622)
	at kafka.controller.KafkaController.onBrokerFailure(KafkaController.scala:592)
	at kafka.controller.KafkaController.processBrokerChange(KafkaController.scala:1610)
	at kafka.controller.KafkaController.process(KafkaController.scala:2565)
	at kafka.controller.QueuedEvent.process(ControllerEventManager.scala:52)
	at kafka.controller.ControllerEventManager$ControllerEventThread.process$1(ControllerEventManager.scala:130)
	at kafka.controller.ControllerEventManager$ControllerEventThread.$anonfun$doWork$1(ControllerEventManager.scala:133)
	at scala.runtime.java8.JFunction0$mcV$sp.apply(JFunction0$mcV$sp.java:23)
	at kafka.metrics.KafkaTimer.time(KafkaTimer.scala:31)
	at kafka.controller.ControllerEventManager$ControllerEventThread.doWork(ControllerEventManager.scala:133)
	at kafka.utils.ShutdownableThread.run(ShutdownableThread.scala:96)
[2022-11-10 19:29:34,810] ERROR [Controller id=0 epoch=2] Controller 0 epoch 2 failed to change state for partition __consumer_offsets-34 from OfflinePartition to OnlinePartition (state.change.logger)
kafka.common.StateChangeFailedException: Failed to elect leader for partition __consumer_offsets-34 under strategy OfflinePartitionLeaderElectionStrategy(false)
	at kafka.controller.ZkPartitionStateMachine.$anonfun$doElectLeaderForPartitions$7(PartitionStateMachine.scala:433)
	at scala.collection.mutable.ResizableArray.foreach(ResizableArray.scala:62)
	at scala.collection.mutable.ResizableArray.foreach$(ResizableArray.scala:55)
	at scala.collection.mutable.ArrayBuffer.foreach(ArrayBuffer.scala:49)
	at kafka.controller.ZkPartitionStateMachine.doElectLeaderForPartitions(PartitionStateMachine.scala:430)
	at kafka.controller.ZkPartitionStateMachine.electLeaderForPartitions(PartitionStateMachine.scala:336)
	at kafka.controller.ZkPartitionStateMachine.doHandleStateChanges(PartitionStateMachine.scala:242)
	at kafka.controller.ZkPartitionStateMachine.handleStateChanges(PartitionStateMachine.scala:162)
	at kafka.controller.PartitionStateMachine.triggerOnlineStateChangeForPartitions(PartitionStateMachine.scala:76)
	at kafka.controller.PartitionStateMachine.triggerOnlinePartitionStateChange(PartitionStateMachine.scala:61)
	at kafka.controller.KafkaController.onReplicasBecomeOffline(KafkaController.scala:622)
	at kafka.controller.KafkaController.onBrokerFailure(KafkaController.scala:592)
	at kafka.controller.KafkaController.processBrokerChange(KafkaController.scala:1610)
	at kafka.controller.KafkaController.process(KafkaController.scala:2565)
	at kafka.controller.QueuedEvent.process(ControllerEventManager.scala:52)
	at kafka.controller.ControllerEventManager$ControllerEventThread.process$1(ControllerEventManager.scala:130)
	at kafka.controller.ControllerEventManager$ControllerEventThread.$anonfun$doWork$1(ControllerEventManager.scala:133)
	at scala.runtime.java8.JFunction0$mcV$sp.apply(JFunction0$mcV$sp.java:23)
	at kafka.metrics.KafkaTimer.time(KafkaTimer.scala:31)
	at kafka.controller.ControllerEventManager$ControllerEventThread.doWork(ControllerEventManager.scala:133)
	at kafka.utils.ShutdownableThread.run(ShutdownableThread.scala:96)
[2022-11-10 19:29:34,810] ERROR [Controller id=0 epoch=2] Controller 0 epoch 2 failed to change state for partition __consumer_offsets-10 from OfflinePartition to OnlinePartition (state.change.logger)
kafka.common.StateChangeFailedException: Failed to elect leader for partition __consumer_offsets-10 under strategy OfflinePartitionLeaderElectionStrategy(false)
	at kafka.controller.ZkPartitionStateMachine.$anonfun$doElectLeaderForPartitions$7(PartitionStateMachine.scala:433)
	at scala.collection.mutable.ResizableArray.foreach(ResizableArray.scala:62)
	at scala.collection.mutable.ResizableArray.foreach$(ResizableArray.scala:55)
	at scala.collection.mutable.ArrayBuffer.foreach(ArrayBuffer.scala:49)
	at kafka.controller.ZkPartitionStateMachine.doElectLeaderForPartitions(PartitionStateMachine.scala:430)
	at kafka.controller.ZkPartitionStateMachine.electLeaderForPartitions(PartitionStateMachine.scala:336)
	at kafka.controller.ZkPartitionStateMachine.doHandleStateChanges(PartitionStateMachine.scala:242)
	at kafka.controller.ZkPartitionStateMachine.handleStateChanges(PartitionStateMachine.scala:162)
	at kafka.controller.PartitionStateMachine.triggerOnlineStateChangeForPartitions(PartitionStateMachine.scala:76)
	at kafka.controller.PartitionStateMachine.triggerOnlinePartitionStateChange(PartitionStateMachine.scala:61)
	at kafka.controller.KafkaController.onReplicasBecomeOffline(KafkaController.scala:622)
	at kafka.controller.KafkaController.onBrokerFailure(KafkaController.scala:592)
	at kafka.controller.KafkaController.processBrokerChange(KafkaController.scala:1610)
	at kafka.controller.KafkaController.process(KafkaController.scala:2565)
	at kafka.controller.QueuedEvent.process(ControllerEventManager.scala:52)
	at kafka.controller.ControllerEventManager$ControllerEventThread.process$1(ControllerEventManager.scala:130)
	at kafka.controller.ControllerEventManager$ControllerEventThread.$anonfun$doWork$1(ControllerEventManager.scala:133)
	at scala.runtime.java8.JFunction0$mcV$sp.apply(JFunction0$mcV$sp.java:23)
	at kafka.metrics.KafkaTimer.time(KafkaTimer.scala:31)
	at kafka.controller.ControllerEventManager$ControllerEventThread.doWork(ControllerEventManager.scala:133)
	at kafka.utils.ShutdownableThread.run(ShutdownableThread.scala:96)
[2022-11-10 19:29:34,810] ERROR [Controller id=0 epoch=2] Controller 0 epoch 2 failed to change state for partition __consumer_offsets-32 from OfflinePartition to OnlinePartition (state.change.logger)
kafka.common.StateChangeFailedException: Failed to elect leader for partition __consumer_offsets-32 under strategy OfflinePartitionLeaderElectionStrategy(false)
	at kafka.controller.ZkPartitionStateMachine.$anonfun$doElectLeaderForPartitions$7(PartitionStateMachine.scala:433)
	at scala.collection.mutable.ResizableArray.foreach(ResizableArray.scala:62)
	at scala.collection.mutable.ResizableArray.foreach$(ResizableArray.scala:55)
	at scala.collection.mutable.ArrayBuffer.foreach(ArrayBuffer.scala:49)
	at kafka.controller.ZkPartitionStateMachine.doElectLeaderForPartitions(PartitionStateMachine.scala:430)
	at kafka.controller.ZkPartitionStateMachine.electLeaderForPartitions(PartitionStateMachine.scala:336)
	at kafka.controller.ZkPartitionStateMachine.doHandleStateChanges(PartitionStateMachine.scala:242)
	at kafka.controller.ZkPartitionStateMachine.handleStateChanges(PartitionStateMachine.scala:162)
	at kafka.controller.PartitionStateMachine.triggerOnlineStateChangeForPartitions(PartitionStateMachine.scala:76)
	at kafka.controller.PartitionStateMachine.triggerOnlinePartitionStateChange(PartitionStateMachine.scala:61)
	at kafka.controller.KafkaController.onReplicasBecomeOffline(KafkaController.scala:622)
	at kafka.controller.KafkaController.onBrokerFailure(KafkaController.scala:592)
	at kafka.controller.KafkaController.processBrokerChange(KafkaController.scala:1610)
	at kafka.controller.KafkaController.process(KafkaController.scala:2565)
	at kafka.controller.QueuedEvent.process(ControllerEventManager.scala:52)
	at kafka.controller.ControllerEventManager$ControllerEventThread.process$1(ControllerEventManager.scala:130)
	at kafka.controller.ControllerEventManager$ControllerEventThread.$anonfun$doWork$1(ControllerEventManager.scala:133)
	at scala.runtime.java8.JFunction0$mcV$sp.apply(JFunction0$mcV$sp.java:23)
	at kafka.metrics.KafkaTimer.time(KafkaTimer.scala:31)
	at kafka.controller.ControllerEventManager$ControllerEventThread.doWork(ControllerEventManager.scala:133)
	at kafka.utils.ShutdownableThread.run(ShutdownableThread.scala:96)
[2022-11-10 19:29:34,810] ERROR [Controller id=0 epoch=2] Controller 0 epoch 2 failed to change state for partition djangofastapi-0 from OfflinePartition to OnlinePartition (state.change.logger)
kafka.common.StateChangeFailedException: Failed to elect leader for partition djangofastapi-0 under strategy OfflinePartitionLeaderElectionStrategy(false)
	at kafka.controller.ZkPartitionStateMachine.$anonfun$doElectLeaderForPartitions$7(PartitionStateMachine.scala:433)
	at scala.collection.mutable.ResizableArray.foreach(ResizableArray.scala:62)
	at scala.collection.mutable.ResizableArray.foreach$(ResizableArray.scala:55)
	at scala.collection.mutable.ArrayBuffer.foreach(ArrayBuffer.scala:49)
	at kafka.controller.ZkPartitionStateMachine.doElectLeaderForPartitions(PartitionStateMachine.scala:430)
	at kafka.controller.ZkPartitionStateMachine.electLeaderForPartitions(PartitionStateMachine.scala:336)
	at kafka.controller.ZkPartitionStateMachine.doHandleStateChanges(PartitionStateMachine.scala:242)
	at kafka.controller.ZkPartitionStateMachine.handleStateChanges(PartitionStateMachine.scala:162)
	at kafka.controller.PartitionStateMachine.triggerOnlineStateChangeForPartitions(PartitionStateMachine.scala:76)
	at kafka.controller.PartitionStateMachine.triggerOnlinePartitionStateChange(PartitionStateMachine.scala:61)
	at kafka.controller.KafkaController.onReplicasBecomeOffline(KafkaController.scala:622)
	at kafka.controller.KafkaController.onBrokerFailure(KafkaController.scala:592)
	at kafka.controller.KafkaController.processBrokerChange(KafkaController.scala:1610)
	at kafka.controller.KafkaController.process(KafkaController.scala:2565)
	at kafka.controller.QueuedEvent.process(ControllerEventManager.scala:52)
	at kafka.controller.ControllerEventManager$ControllerEventThread.process$1(ControllerEventManager.scala:130)
	at kafka.controller.ControllerEventManager$ControllerEventThread.$anonfun$doWork$1(ControllerEventManager.scala:133)
	at scala.runtime.java8.JFunction0$mcV$sp.apply(JFunction0$mcV$sp.java:23)
	at kafka.metrics.KafkaTimer.time(KafkaTimer.scala:31)
	at kafka.controller.ControllerEventManager$ControllerEventThread.doWork(ControllerEventManager.scala:133)
	at kafka.utils.ShutdownableThread.run(ShutdownableThread.scala:96)
[2022-11-10 19:29:34,811] ERROR [Controller id=0 epoch=2] Controller 0 epoch 2 failed to change state for partition __consumer_offsets-40 from OfflinePartition to OnlinePartition (state.change.logger)
kafka.common.StateChangeFailedException: Failed to elect leader for partition __consumer_offsets-40 under strategy OfflinePartitionLeaderElectionStrategy(false)
	at kafka.controller.ZkPartitionStateMachine.$anonfun$doElectLeaderForPartitions$7(PartitionStateMachine.scala:433)
	at scala.collection.mutable.ResizableArray.foreach(ResizableArray.scala:62)
	at scala.collection.mutable.ResizableArray.foreach$(ResizableArray.scala:55)
	at scala.collection.mutable.ArrayBuffer.foreach(ArrayBuffer.scala:49)
	at kafka.controller.ZkPartitionStateMachine.doElectLeaderForPartitions(PartitionStateMachine.scala:430)
	at kafka.controller.ZkPartitionStateMachine.electLeaderForPartitions(PartitionStateMachine.scala:336)
	at kafka.controller.ZkPartitionStateMachine.doHandleStateChanges(PartitionStateMachine.scala:242)
	at kafka.controller.ZkPartitionStateMachine.handleStateChanges(PartitionStateMachine.scala:162)
	at kafka.controller.PartitionStateMachine.triggerOnlineStateChangeForPartitions(PartitionStateMachine.scala:76)
	at kafka.controller.PartitionStateMachine.triggerOnlinePartitionStateChange(PartitionStateMachine.scala:61)
	at kafka.controller.KafkaController.onReplicasBecomeOffline(KafkaController.scala:622)
	at kafka.controller.KafkaController.onBrokerFailure(KafkaController.scala:592)
	at kafka.controller.KafkaController.processBrokerChange(KafkaController.scala:1610)
	at kafka.controller.KafkaController.process(KafkaController.scala:2565)
	at kafka.controller.QueuedEvent.process(ControllerEventManager.scala:52)
	at kafka.controller.ControllerEventManager$ControllerEventThread.process$1(ControllerEventManager.scala:130)
	at kafka.controller.ControllerEventManager$ControllerEventThread.$anonfun$doWork$1(ControllerEventManager.scala:133)
	at scala.runtime.java8.JFunction0$mcV$sp.apply(JFunction0$mcV$sp.java:23)
	at kafka.metrics.KafkaTimer.time(KafkaTimer.scala:31)
	at kafka.controller.ControllerEventManager$ControllerEventThread.doWork(ControllerEventManager.scala:133)
	at kafka.utils.ShutdownableThread.run(ShutdownableThread.scala:96)
[2022-11-10 19:29:34,811] INFO [Controller id=0 epoch=2] Sending UpdateMetadata request to brokers Set() for 0 partitions (state.change.logger)
[2022-11-10 19:29:34,859] INFO [Controller id=0 epoch=2] Partition __consumer_offsets-22 state changed to (Leader:-1,ISR:1,LeaderRecoveryState:RECOVERED,LeaderEpoch:4,ZkVersion:4,ControllerEpoch:2) after removing replica 1 from the ISR as part of transition to OfflineReplica (state.change.logger)
[2022-11-10 19:29:34,860] INFO [Controller id=0 epoch=2] Partition __consumer_offsets-30 state changed to (Leader:-1,ISR:1,LeaderRecoveryState:RECOVERED,LeaderEpoch:4,ZkVersion:4,ControllerEpoch:2) after removing replica 1 from the ISR as part of transition to OfflineReplica (state.change.logger)
[2022-11-10 19:29:34,860] INFO [Controller id=0 epoch=2] Partition __consumer_offsets-8 state changed to (Leader:-1,ISR:1,LeaderRecoveryState:RECOVERED,LeaderEpoch:4,ZkVersion:4,ControllerEpoch:2) after removing replica 1 from the ISR as part of transition to OfflineReplica (state.change.logger)
[2022-11-10 19:29:34,860] INFO [Controller id=0 epoch=2] Partition __consumer_offsets-4 state changed to (Leader:-1,ISR:1,LeaderRecoveryState:RECOVERED,LeaderEpoch:4,ZkVersion:4,ControllerEpoch:2) after removing replica 1 from the ISR as part of transition to OfflineReplica (state.change.logger)
[2022-11-10 19:29:34,860] INFO [Controller id=0 epoch=2] Partition __consumer_offsets-46 state changed to (Leader:-1,ISR:1,LeaderRecoveryState:RECOVERED,LeaderEpoch:4,ZkVersion:4,ControllerEpoch:2) after removing replica 1 from the ISR as part of transition to OfflineReplica (state.change.logger)
[2022-11-10 19:29:34,860] INFO [Controller id=0 epoch=2] Partition __consumer_offsets-16 state changed to (Leader:-1,ISR:1,LeaderRecoveryState:RECOVERED,LeaderEpoch:4,ZkVersion:4,ControllerEpoch:2) after removing replica 1 from the ISR as part of transition to OfflineReplica (state.change.logger)
[2022-11-10 19:29:34,860] INFO [Controller id=0 epoch=2] Partition __consumer_offsets-28 state changed to (Leader:-1,ISR:1,LeaderRecoveryState:RECOVERED,LeaderEpoch:4,ZkVersion:4,ControllerEpoch:2) after removing replica 1 from the ISR as part of transition to OfflineReplica (state.change.logger)
[2022-11-10 19:29:34,861] INFO [Controller id=0 epoch=2] Partition __consumer_offsets-36 state changed to (Leader:-1,ISR:1,LeaderRecoveryState:RECOVERED,LeaderEpoch:4,ZkVersion:4,ControllerEpoch:2) after removing replica 1 from the ISR as part of transition to OfflineReplica (state.change.logger)
[2022-11-10 19:29:34,861] INFO [Controller id=0 epoch=2] Partition diabete-0 state changed to (Leader:-1,ISR:1,LeaderRecoveryState:RECOVERED,LeaderEpoch:4,ZkVersion:4,ControllerEpoch:2) after removing replica 1 from the ISR as part of transition to OfflineReplica (state.change.logger)
[2022-11-10 19:29:34,861] INFO [Controller id=0 epoch=2] Partition __consumer_offsets-42 state changed to (Leader:-1,ISR:1,LeaderRecoveryState:RECOVERED,LeaderEpoch:4,ZkVersion:4,ControllerEpoch:2) after removing replica 1 from the ISR as part of transition to OfflineReplica (state.change.logger)
[2022-11-10 19:29:34,861] INFO [Controller id=0 epoch=2] Partition __consumer_offsets-18 state changed to (Leader:-1,ISR:1,LeaderRecoveryState:RECOVERED,LeaderEpoch:4,ZkVersion:4,ControllerEpoch:2) after removing replica 1 from the ISR as part of transition to OfflineReplica (state.change.logger)
[2022-11-10 19:29:34,861] INFO [Controller id=0 epoch=2] Partition __consumer_offsets-24 state changed to (Leader:-1,ISR:1,LeaderRecoveryState:RECOVERED,LeaderEpoch:4,ZkVersion:4,ControllerEpoch:2) after removing replica 1 from the ISR as part of transition to OfflineReplica (state.change.logger)
[2022-11-10 19:29:34,861] INFO [Controller id=0 epoch=2] Partition __consumer_offsets-38 state changed to (Leader:-1,ISR:1,LeaderRecoveryState:RECOVERED,LeaderEpoch:4,ZkVersion:4,ControllerEpoch:2) after removing replica 1 from the ISR as part of transition to OfflineReplica (state.change.logger)
[2022-11-10 19:29:34,861] INFO [Controller id=0 epoch=2] Partition __consumer_offsets-48 state changed to (Leader:-1,ISR:1,LeaderRecoveryState:RECOVERED,LeaderEpoch:4,ZkVersion:4,ControllerEpoch:2) after removing replica 1 from the ISR as part of transition to OfflineReplica (state.change.logger)
[2022-11-10 19:29:34,861] INFO [Controller id=0 epoch=2] Partition __consumer_offsets-2 state changed to (Leader:-1,ISR:1,LeaderRecoveryState:RECOVERED,LeaderEpoch:4,ZkVersion:4,ControllerEpoch:2) after removing replica 1 from the ISR as part of transition to OfflineReplica (state.change.logger)
[2022-11-10 19:29:34,861] INFO [Controller id=0 epoch=2] Partition __consumer_offsets-6 state changed to (Leader:-1,ISR:1,LeaderRecoveryState:RECOVERED,LeaderEpoch:4,ZkVersion:4,ControllerEpoch:2) after removing replica 1 from the ISR as part of transition to OfflineReplica (state.change.logger)
[2022-11-10 19:29:34,861] INFO [Controller id=0 epoch=2] Partition __consumer_offsets-14 state changed to (Leader:-1,ISR:1,LeaderRecoveryState:RECOVERED,LeaderEpoch:4,ZkVersion:4,ControllerEpoch:2) after removing replica 1 from the ISR as part of transition to OfflineReplica (state.change.logger)
[2022-11-10 19:29:34,862] INFO [Controller id=0 epoch=2] Partition __consumer_offsets-20 state changed to (Leader:-1,ISR:1,LeaderRecoveryState:RECOVERED,LeaderEpoch:4,ZkVersion:4,ControllerEpoch:2) after removing replica 1 from the ISR as part of transition to OfflineReplica (state.change.logger)
[2022-11-10 19:29:34,862] INFO [Controller id=0 epoch=2] Partition __consumer_offsets-0 state changed to (Leader:-1,ISR:1,LeaderRecoveryState:RECOVERED,LeaderEpoch:4,ZkVersion:4,ControllerEpoch:2) after removing replica 1 from the ISR as part of transition to OfflineReplica (state.change.logger)
[2022-11-10 19:29:34,862] INFO [Controller id=0 epoch=2] Partition __consumer_offsets-44 state changed to (Leader:-1,ISR:1,LeaderRecoveryState:RECOVERED,LeaderEpoch:4,ZkVersion:4,ControllerEpoch:2) after removing replica 1 from the ISR as part of transition to OfflineReplica (state.change.logger)
[2022-11-10 19:29:34,862] INFO [Controller id=0 epoch=2] Partition __consumer_offsets-12 state changed to (Leader:-1,ISR:1,LeaderRecoveryState:RECOVERED,LeaderEpoch:4,ZkVersion:4,ControllerEpoch:2) after removing replica 1 from the ISR as part of transition to OfflineReplica (state.change.logger)
[2022-11-10 19:29:34,862] INFO [Controller id=0 epoch=2] Partition __consumer_offsets-26 state changed to (Leader:-1,ISR:1,LeaderRecoveryState:RECOVERED,LeaderEpoch:4,ZkVersion:4,ControllerEpoch:2) after removing replica 1 from the ISR as part of transition to OfflineReplica (state.change.logger)
[2022-11-10 19:29:34,862] INFO [Controller id=0 epoch=2] Partition __consumer_offsets-34 state changed to (Leader:-1,ISR:1,LeaderRecoveryState:RECOVERED,LeaderEpoch:4,ZkVersion:4,ControllerEpoch:2) after removing replica 1 from the ISR as part of transition to OfflineReplica (state.change.logger)
[2022-11-10 19:29:34,862] INFO [Controller id=0 epoch=2] Partition __consumer_offsets-10 state changed to (Leader:-1,ISR:1,LeaderRecoveryState:RECOVERED,LeaderEpoch:4,ZkVersion:4,ControllerEpoch:2) after removing replica 1 from the ISR as part of transition to OfflineReplica (state.change.logger)
[2022-11-10 19:29:34,862] INFO [Controller id=0 epoch=2] Partition __consumer_offsets-32 state changed to (Leader:-1,ISR:1,LeaderRecoveryState:RECOVERED,LeaderEpoch:4,ZkVersion:4,ControllerEpoch:2) after removing replica 1 from the ISR as part of transition to OfflineReplica (state.change.logger)
[2022-11-10 19:29:34,862] INFO [Controller id=0 epoch=2] Partition djangofastapi-0 state changed to (Leader:-1,ISR:1,LeaderRecoveryState:RECOVERED,LeaderEpoch:4,ZkVersion:4,ControllerEpoch:2) after removing replica 1 from the ISR as part of transition to OfflineReplica (state.change.logger)
[2022-11-10 19:29:34,862] INFO [Controller id=0 epoch=2] Partition __consumer_offsets-40 state changed to (Leader:-1,ISR:1,LeaderRecoveryState:RECOVERED,LeaderEpoch:4,ZkVersion:4,ControllerEpoch:2) after removing replica 1 from the ISR as part of transition to OfflineReplica (state.change.logger)
[2022-11-10 19:29:34,863] INFO [Controller id=0 epoch=2] Sending UpdateMetadata request to brokers Set(0) for 27 partitions (state.change.logger)
[2022-11-10 19:29:34,874] INFO [Broker id=0] Add 27 partitions and deleted 0 partitions from metadata cache in response to UpdateMetadata request sent by controller 0 epoch 2 with correlation id 7 (state.change.logger)
[2022-11-10 19:29:37,344] INFO [Controller id=0 epoch=2] Sending UpdateMetadata request to brokers Set() for 0 partitions (state.change.logger)
